<?xml version="1.0" encoding="UTF-8"?>
<testsuite name="com.haowen.SpringBootTest" time="0" tests="0" errors="0" skipped="0" failures="0">
  <properties>
    <property name="java.runtime.name" value="Java(TM) SE Runtime Environment"/>
    <property name="sun.boot.library.path" value="D:\javasoft\Java\jdk1.8.0_121_64\jre\bin"/>
    <property name="java.vm.version" value="25.121-b13"/>
    <property name="java.vm.vendor" value="Oracle Corporation"/>
    <property name="maven.multiModuleProjectDirectory" value="D:\javasrc\tempwork\haowen-mqtt-spring-boot-starter"/>
    <property name="java.vendor.url" value="http://java.oracle.com/"/>
    <property name="path.separator" value=";"/>
    <property name="guice.disable.misplaced.annotation.check" value="true"/>
    <property name="java.vm.name" value="Java HotSpot(TM) 64-Bit Server VM"/>
    <property name="file.encoding.pkg" value="sun.io"/>
    <property name="user.script" value=""/>
    <property name="user.country" value="CN"/>
    <property name="sun.java.launcher" value="SUN_STANDARD"/>
    <property name="sun.os.patch.level" value=""/>
    <property name="java.vm.specification.name" value="Java Virtual Machine Specification"/>
    <property name="user.dir" value="D:\javasrc\tempwork\haowen-mqtt-spring-boot-starter"/>
    <property name="java.runtime.version" value="1.8.0_121-b13"/>
    <property name="java.awt.graphicsenv" value="sun.awt.Win32GraphicsEnvironment"/>
    <property name="java.endorsed.dirs" value="D:\javasoft\Java\jdk1.8.0_121_64\jre\lib\endorsed"/>
    <property name="os.arch" value="amd64"/>
    <property name="java.io.tmpdir" value="C:\Users\haowen\AppData\Local\Temp\"/>
    <property name="line.separator" value="&#10;"/>
    <property name="java.vm.specification.vendor" value="Oracle Corporation"/>
    <property name="user.variant" value=""/>
    <property name="os.name" value="Windows 10"/>
    <property name="classworlds.conf" value="D:\javasrc\tempwork\.metadata\.plugins\org.eclipse.m2e.launching\launches\m2conf4119463130658584058.tmp"/>
    <property name="sun.jnu.encoding" value="GBK"/>
    <property name="java.library.path" value="D:\javasoft\Java\jdk1.8.0_121_64\bin;C:\WINDOWS\Sun\Java\bin;C:\WINDOWS\system32;C:\WINDOWS;D:\app\ora\haowen\product\11.2.0\dbhome_1\bin;%JAVA_HOME%\bin;C:\Program Files (x86)\Intel\iCLS Client\;C:\Program Files\Intel\iCLS Client\;C:\WINDOWS\system32;C:\WINDOWS;C:\WINDOWS\System32\Wbem;C:\WINDOWS\System32\WindowsPowerShell\v1.0\;C:\Program Files (x86)\Intel\Intel(R) Management Engine Components\DAL;C:\Program Files\Intel\Intel(R) Management Engine Components\DAL;C:\Program Files (x86)\Intel\Intel(R) Management Engine Components\IPT;C:\Program Files\Intel\Intel(R) Management Engine Components\IPT;D:\app\path;C:\Program Files\MySQL\MySQL Utilities 1.6\;C:\Program Files\TortoiseSVN\bin;C:\WINDOWS\system32\config\systemprofile\.dnx\bin;C:\Program Files\Microsoft DNX\Dnvm\;C:\Program Files\Microsoft SQL Server\120\Tools\Binn\;C:\Program Files\Microsoft SQL Server\130\Tools\Binn\;C:\Program Files\Git\cmd;%MAVEN_HOME%\bin;D:\app\nodejs\;D:\app\vsSVN\bin;C:\cygwin\bin;C:\MinGW\bin;C:\MinGW\msys\1.0\bin;C:\ProgramData\Microsoft\AndroidNDK\android-ndk-r11c;C:\ProgramData\Microsoft\AndroidNDK\android-ndk-r11c;C:\Program Files (x86)\Java\jdk1.7.0_55\bin;C:\Program Files (x86)\Windows Kits\10\Windows Performance Toolkit\;D:\app\python\python3;C:\Program Files (x86)\Microsoft SQL Server\100\Tools\Binn\;C:\Program Files (x86)\Microsoft SQL Server\100\DTS\Binn\;C:\Program Files (x86)\Microsoft SQL Server\110\Tools\Binn\ManagementStudio\;C:\Program Files (x86)\Microsoft SQL Server\110\Tools\Binn\;C:\Program Files (x86)\Microsoft SQL Server\110\DTS\Binn\;C:\Python27\Scripts;C:\Python27\;C:\Program Files (x86)\Google\Chrome\Application;D:\app\opencv\opencv\build\x64\vc15\bin;;C:\WINDOWS\System32\OpenSSH\;D:\Program Files\CMake\bin;D:\app\python3\Scripts\;D:\app\python3\;C:\MinGW\bin;C:\MinGW\msys\1.0\bin;D:\app\Ruby23-x64\bin;D:\javasoft\maven\apache-maven-3.3.9\bin;C:\Program Files (x86)\Java\jdk1.7.0_55\bin;C:\Users\haowen\AppData\Local\Microsoft\WindowsApps;C:\Users\haowen\AppData\Roaming\npm;D:\javasoft\redis\;D:\app\opencv\opencv\build\x64\vc15\bin;;."/>
    <property name="java.specification.name" value="Java Platform API Specification"/>
    <property name="java.class.version" value="52.0"/>
    <property name="java.net.preferIPv4Stack" value="true"/>
    <property name="sun.management.compiler" value="HotSpot 64-Bit Tiered Compilers"/>
    <property name="os.version" value="10.0"/>
    <property name="user.home" value="C:\Users\haowen"/>
    <property name="user.timezone" value="Asia/Shanghai"/>
    <property name="java.awt.printerjob" value="sun.awt.windows.WPrinterJob"/>
    <property name="java.specification.version" value="1.8"/>
    <property name="file.encoding" value="GBK"/>
    <property name="user.name" value="haowen"/>
    <property name="java.class.path" value="/D:/javasoft/protool/sts-bundle/sts-3.7.0.RELEASE/plugins/org.eclipse.m2e.maven.runtime_1.6.1.20150625-2337/jars/plexus-classworlds-2.5.2.jar"/>
    <property name="java.vm.specification.version" value="1.8"/>
    <property name="sun.arch.data.model" value="64"/>
    <property name="java.home" value="D:\javasoft\Java\jdk1.8.0_121_64\jre"/>
    <property name="sun.java.command" value="org.codehaus.plexus.classworlds.launcher.Launcher -B -s D:\javasoft\maven\apache-maven-3.3.9\conf\settings.xml install"/>
    <property name="java.specification.vendor" value="Oracle Corporation"/>
    <property name="user.language" value="zh"/>
    <property name="awt.toolkit" value="sun.awt.windows.WToolkit"/>
    <property name="java.vm.info" value="mixed mode"/>
    <property name="java.version" value="1.8.0_121"/>
    <property name="java.ext.dirs" value="D:\javasoft\Java\jdk1.8.0_121_64\jre\lib\ext;C:\WINDOWS\Sun\Java\lib\ext"/>
    <property name="sun.boot.class.path" value="D:\javasoft\Java\jdk1.8.0_121_64\jre\lib\resources.jar;D:\javasoft\Java\jdk1.8.0_121_64\jre\lib\rt.jar;D:\javasoft\Java\jdk1.8.0_121_64\jre\lib\sunrsasign.jar;D:\javasoft\Java\jdk1.8.0_121_64\jre\lib\jsse.jar;D:\javasoft\Java\jdk1.8.0_121_64\jre\lib\jce.jar;D:\javasoft\Java\jdk1.8.0_121_64\jre\lib\charsets.jar;D:\javasoft\Java\jdk1.8.0_121_64\jre\lib\jfr.jar;D:\javasoft\Java\jdk1.8.0_121_64\jre\classes"/>
    <property name="java.vendor" value="Oracle Corporation"/>
    <property name="maven.home" value="D:\javasrc\tempwork\haowen-mqtt-spring-boot-starter\EMBEDDED"/>
    <property name="file.separator" value="\"/>
    <property name="java.vendor.url.bug" value="http://bugreport.sun.com/bugreport/"/>
    <property name="sun.cpu.endian" value="little"/>
    <property name="sun.io.unicode.encoding" value="UnicodeLittle"/>
    <property name="sun.desktop" value="windows"/>
    <property name="sun.cpu.isalist" value="amd64"/>
  </properties>
</testsuite>